<?xml version="1.0" encoding="UTF-8"?>
<testsuite name="test-inherited-before-methods"
           tests="5"
           failures="0"
           errors="0"
           skipped="0"
           time="0.058">
  <properties />
  
  
            <testcase name="testMethod3" time="0.026" classname="com.pragmatic.testng.TestNGExample18" />
                <testcase name="testMethod5" time="0.003" classname="com.pragmatic.testng.TestNGExample18" />
                <testcase name="testMethod2" time="0.000" classname="com.pragmatic.testng.TestNGExample18" />
                <testcase name="testMethod4" time="0.010" classname="com.pragmatic.testng.TestNGExample18" />
                <testcase name="testMethod1" time="0.019" classname="com.pragmatic.testng.TestNGExample18" />
      
</testsuite>
